<?xml version="1.0" encoding="UTF-8"?>
<testng-results ignored="0" total="0" passed="0" failed="0" skipped="0">
  <reporter-output>
  </reporter-output>
  <suite started-at="2024-07-15T05:03:36 GMT" name="sanity suite" finished-at="2024-07-15T05:03:36 GMT" duration-ms="0">
    <groups>
      <group name="smoke">
        <method signature="SeleniumTest.searchForBlueButVerifyRed(java.lang.reflect.Method)[pri:0, instance:Test.SeleniumTest@16aa0a0a]" name="searchForBlueButVerifyRed" class="Test.SeleniumTest"/>
        <method signature="SeleniumTest.searchForBlue(java.lang.reflect.Method)[pri:0, instance:Test.SeleniumTest@7ea37dbf]" name="searchForBlue" class="Test.SeleniumTest"/>
        <method signature="SeleniumTest.searchForBlueButVerifyRed(java.lang.reflect.Method)[pri:0, instance:Test.SeleniumTest@290d210d]" name="searchForBlueButVerifyRed" class="Test.SeleniumTest"/>
        <method signature="SeleniumTest.searchForBlue(java.lang.reflect.Method)[pri:0, instance:Test.SeleniumTest@10db82ae]" name="searchForBlue" class="Test.SeleniumTest"/>
      </group> <!-- smoke -->
    </groups>
  </suite> <!-- sanity suite -->
</testng-results>
