<?xml version="1.0" encoding="UTF-8"?>
<!-- Generated by org.testng.reporters.JUnitXMLReporter -->
<testsuite ignored="7" hostname="Herain" failures="0" tests="1" name="sanity test B" time="11.588" errors="0" timestamp="2024-07-14T17:22:15 IST">
  <testcase classname="SeleniumTest" name="searchForBlue" time="2.546"/>
  <testcase classname="SeleniumTest" name="consumerPractice" time="0.0">
    <ignored/>
  </testcase> <!-- consumerPractice -->
  <testcase classname="SeleniumTest" name="dataDrivenTestingUsingExcel" time="0.0">
    <ignored/>
  </testcase> <!-- dataDrivenTestingUsingExcel -->
  <testcase classname="SeleniumTest" name="dataDrivenTestingUsingJson" time="0.0">
    <ignored/>
  </testcase> <!-- dataDrivenTestingUsingJson -->
  <testcase classname="SeleniumTest" name="addItemToCartButItemNotFound" time="0.0">
    <ignored/>
  </testcase> <!-- addItemToCartButItemNotFound -->
  <testcase classname="SeleniumTest" name="addItemToCart" time="0.0">
    <ignored/>
  </testcase> <!-- addItemToCart -->
  <testcase classname="SeleniumTest" name="openMensSectionAfterNavigatingToHome" time="0.0">
    <ignored/>
  </testcase> <!-- openMensSectionAfterNavigatingToHome -->
  <testcase classname="SeleniumTest" name="searchForBlueButVerifyRed" time="0.0">
    <ignored/>
  </testcase> <!-- searchForBlueButVerifyRed -->
</testsuite> <!-- sanity test B -->
